[11:06:18] [INFO] [Application:main] check windows console finish
[11:06:34] [INFO] [Application:main] check windows console finish
[11:07:19] [INFO] [Application:main] check windows console finish
[11:09:51] [INFO] [Application:main] check windows console finish
[11:10:07] [INFO] [Application:main] check windows console finish
[11:10:07] [INFO] [Client:run] run jar-analyzer gui
[11:10:08] [INFO] [Application:main] setup look and feel success
[11:10:08] [INFO] [LoggingStream:println] set y4-log io-streams
[11:10:08] [INFO] [LoggingStream:println] set y4-log err-streams
[11:10:09] [INFO] [MainForm:<init>] init fake instance
[11:10:09] [INFO] [MainForm:<init>] init main form
[11:10:09] [INFO] [SqlSessionFactoryUtil:<clinit>] init mybatis factory
[11:10:09] [INFO] [PrintSqlInterceptor:<clinit>] init sql interceptor
[11:10:10] [INFO] [SqlSessionFactoryUtil:<clinit>] init mybatis factory finish
[11:10:10] [INFO] [CoreEngine:<init>] init core engine finish
[11:10:10] [INFO] [MainForm:<init>] init main form success
[11:10:10] [INFO] [DropHelper:setDrop] set drop target success
[11:10:23] [INFO] [LoggingStream:println] com/cwm/yamlhack/tomcatconfig
[11:10:23] [INFO] [LoggingStream:println] done
[11:10:23] [INFO] [DecompileEngine:decompile] save cache
[11:10:23] [INFO] [LRUCache:put] LRU PUT - capacity : 30 - size : 1
